[demo.goodlayers.com/kingster/course-search/index1d77.html]
[backblue.gif]
[fade.gif]
[index.html]
[a6e8z9v6.stackpathcdn.com/kingster/wp-content/cache/autoptimize/css/autoptimize_single_ee78f26525b08d4e372b92a1a3ed1d2674e5.css]
[a6e8z9v6.stackpathcdn.com/kingster/wp-content/cache/autoptimize/css/autoptimize_single_c6a832191e7984247b250a333f49694c735f.css]
[a6e8z9v6.stackpathcdn.com/kingster/wp-content/cache/autoptimize/css/autoptimize_single_e6fae855021a88a0067fcc58121c594f4245.css]
[a6e8z9v6.stackpathcdn.com/kingster/wp-includes/css/dist/block-library/style.min080f.css]
[a6e8z9v6.stackpathcdn.com/kingster/wp-content/cache/autoptimize/css/autoptimize_single_1cbdf58db7054d3a8dad5f59864b7053080f.css]
[a6e8z9v6.stackpathcdn.com/kingster/wp-content/cache/autoptimize/css/autoptimize_single_1151d563689d7335d1aa1859d4de509f080f.css]
[a6e8z9v6.stackpathcdn.com/kingster/wp-content/cache/autoptimize/css/autoptimize_single_2a94b58f68ef59beaa20f70bd82328537cc1.css]
[a6e8z9v6.stackpathcdn.com/kingster/wp-content/cache/autoptimize/css/autoptimize_single_456663a286a204386735fd775542a59e3e35.css]
[a6e8z9v6.stackpathcdn.com/kingster/wp-content/cache/autoptimize/css/autoptimize_single_1cbcc9e85ba99c007f519bf1a67feb583e35.css]
[a6e8z9v6.stackpathcdn.com/kingster/wp-content/cache/autoptimize/css/autoptimize_single_e82f7c1bf34a75131708b4d9028fd6f1d5a8.css]
[a6e8z9v6.stackpathcdn.com/kingster/wp-content/cache/autoptimize/css/autoptimize_single_f95a9de03e7ff89d8373282d750e1825080f.css]
[a6e8z9v6.stackpathcdn.com/kingster/wp-content/cache/autoptimize/css/autoptimize_single_7892d7349e74e7dd7fae386eda2dded73e35.css]
[a6e8z9v6.stackpathcdn.com/kingster/wp-content/cache/autoptimize/css/autoptimize_single_8fdf21964b6bd60a1b46eda830ce4de774e5.css]
[a6e8z9v6.stackpathcdn.com/kingster/wp-content/cache/autoptimize/css/autoptimize_single_1e3eba19129c16d5b0cd346d4ff77ac1080f.css]
[a6e8z9v6.stackpathcdn.com/kingster/wp-includes/js/jquery/jquery-migrate.mind617.js]
[a6e8z9v6.stackpathcdn.com/kingster/wp-content/uploads/kingster-style-customdedc.css]
[a6e8z9v6.stackpathcdn.com/kingster/wp-content/cache/autoptimize/css/autoptimize_single_6fd78b97fdeaf4295b1d677956c7bfeb080f.css]
[a6e8z9v6.stackpathcdn.com/kingster/wp-content/plugins/snazzy-maps/snazzymaps2fca.js]
[a6e8z9v6.stackpathcdn.com/kingster/wp-content/themes/kingster/learnpress/kingster-learnpress080f.js]
[a6e8z9v6.stackpathcdn.com/kingster/wp-content/themes/kingster/images/logo.png]
[a6e8z9v6.stackpathcdn.com/kingster/wp-includes/js/jquery/jquery.minaf6c.js]
[a6e8z9v6.stackpathcdn.com/kingster/wp-content/uploads/2018/08/mega-menu-bg.jpg]
[a6e8z9v6.stackpathcdn.com/kingster/wp-content/uploads/2018/08/mega-menu-logo.png]
[a6e8z9v6.stackpathcdn.com/kingster/wp-content/uploads/2018/08/search-bg-2.jpg]
[demo.goodlayers.com/kingster/course-search/index.html]
[a6e8z9v6.stackpathcdn.com/kingster/wp-content/uploads/2018/08/footer-logo.png]
[a6e8z9v6.stackpathcdn.com/kingster/wp-content/plugins/revslider/public/assets/js/rbtools.min069c.js]
[demo.goodlayers.com/cdn-cgi/scripts/5c5dd728/cloudflare-static/email-decode.min.js]
[a6e8z9v6.stackpathcdn.com/kingster/wp-includes/js/dist/vendor/regenerator-runtime.minb36a.js]
[a6e8z9v6.stackpathcdn.com/kingster/wp-includes/js/dist/vendor/wp-polyfill.min2c7c.js]
[a6e8z9v6.stackpathcdn.com/kingster/wp-content/plugins/contact-form-7/includes/js/index4245.js]
[demo.goodlayers.com/kingster/course-search/page/2/index1d77.html]
[a6e8z9v6.stackpathcdn.com/kingster/wp-content/cache/autoptimize/css/autoptimize_single_4c3247fd7a9515c2bb4c588f29590de2069c.css]
[a6e8z9v6.stackpathcdn.com/kingster/wp-content/plugins/woocommerce/assets/js/jquery-blockui/jquery.blockUI.minb106.js]
[a6e8z9v6.stackpathcdn.com/kingster/wp-content/plugins/woocommerce/assets/js/frontend/add-to-cart.min3e35.js]
[a6e8z9v6.stackpathcdn.com/kingster/wp-content/plugins/woocommerce/assets/js/js-cookie/js.cookie.min64be.js]
[a6e8z9v6.stackpathcdn.com/kingster/wp-content/plugins/goodlayers-core/include/js/page-builderd36b.js]
[a6e8z9v6.stackpathcdn.com/kingster/wp-content/plugins/woocommerce/assets/js/frontend/woocommerce.min3e35.js]
[a6e8z9v6.stackpathcdn.com/kingster/wp-content/plugins/woocommerce/assets/js/frontend/cart-fragments.min3e35.js]
[a6e8z9v6.stackpathcdn.com/kingster/wp-includes/js/jquery/ui/effect.min35d0.js]
[a6e8z9v6.stackpathcdn.com/kingster/wp-content/plugins/wp-google-map-plugin/assets/js/maps531b.js]
[a6e8z9v6.stackpathcdn.com/kingster/wp-includes/js/wp-embed.min080f.js]
[demo.goodlayers.com/kingster/course-search/index1d77.html]
[a6e8z9v6.stackpathcdn.com/kingster/wp-content/themes/kingster/js/script-core8a54.js]
[a6e8z9v6.stackpathcdn.com/kingster/wp-includes/css/dist/block-library/style.min080f.css]
[a6e8z9v6.stackpathcdn.com/kingster/wp-content/cache/autoptimize/css/autoptimize_single_ee78f26525b08d4e372b92a1a3ed1d2674e5.css]
[a6e8z9v6.stackpathcdn.com/kingster/wp-content/cache/autoptimize/css/autoptimize_single_8fdf21964b6bd60a1b46eda830ce4de774e5.css]
[static.cloudflareinsights.com/beacon.min.js]
[demo.goodlayers.com/kingster/wp-content/plugins/anti-spam/assets/img/titan-icon.png]
[a6e8z9v6.stackpathcdn.com/kingster/wp-content/cache/autoptimize/css/autoptimize_single_c6a832191e7984247b250a333f49694c735f.css]
[a6e8z9v6.stackpathcdn.com/kingster/wp-content/cache/autoptimize/css/autoptimize_single_e6fae855021a88a0067fcc58121c594f4245.css]
[a6e8z9v6.stackpathcdn.com/kingster/wp-content/cache/autoptimize/css/autoptimize_single_1cbdf58db7054d3a8dad5f59864b7053080f.css]
[a6e8z9v6.stackpathcdn.com/kingster/wp-content/cache/autoptimize/css/autoptimize_single_1151d563689d7335d1aa1859d4de509f080f.css]
[a6e8z9v6.stackpathcdn.com/kingster/wp-content/cache/autoptimize/css/autoptimize_single_2a94b58f68ef59beaa20f70bd82328537cc1.css]
[demo.goodlayers.com/kingster/wp-content/plugins/goodlayers-core/include/images/portfolio/now-loading.gif]
[a6e8z9v6.stackpathcdn.com/kingster/wp-content/cache/autoptimize/css/autoptimize_single_6fd78b97fdeaf4295b1d677956c7bfeb080f.css]
[a6e8z9v6.stackpathcdn.com/kingster/wp-content/cache/autoptimize/css/autoptimize_single_1cbcc9e85ba99c007f519bf1a67feb583e35.css]
[a6e8z9v6.stackpathcdn.com/kingster/wp-content/cache/autoptimize/css/autoptimize_single_456663a286a204386735fd775542a59e3e35.css]
[a6e8z9v6.stackpathcdn.com/kingster/wp-content/plugins/goodlayers-core/plugins/script7cc1.js]
[a6e8z9v6.stackpathcdn.com/kingster/wp-content/cache/autoptimize/css/autoptimize_single_7892d7349e74e7dd7fae386eda2dded73e35.css]
[a6e8z9v6.stackpathcdn.com/kingster/wp-content/cache/autoptimize/css/autoptimize_single_e82f7c1bf34a75131708b4d9028fd6f1d5a8.css]
[demo.goodlayers.com/kingster/wp-content/plugins/wp-google-map-plugin/assets/images/white_select_arrow.png]
[a6e8z9v6.stackpathcdn.com/kingster/wp-content/cache/autoptimize/css/autoptimize_single_f95a9de03e7ff89d8373282d750e1825080f.css]
[demo.goodlayers.com/kingster/wp-content/themes/kingster/images/preload.gif]
[a6e8z9v6.stackpathcdn.com/kingster/wp-content/cache/autoptimize/css/autoptimize_single_1e3eba19129c16d5b0cd346d4ff77ac1080f.css]
[demo.goodlayers.com/kingster/wp-content/uploads/2018/08/page-title.jpg]
[a6e8z9v6.stackpathcdn.com/kingster/wp-content/plugins/revslider/public/assets/js/rs6.min069c.js]
[demo.goodlayers.com/kingster/wp-content/plugins/goodlayers-core/include/images/pattern/pattern-1.png]
[a6e8z9v6.stackpathcdn.com/kingster/wp-content/uploads/kingster-style-customdedc.css]
[a6e8z9v6.stackpathcdn.com/kingster/wp-content/cache/wpfc-minified/qhfkg17u/8bqjh.css]
[a6e8z9v6.stackpathcdn.com/kingster/wp-content/cache/wpfc-minified/q53pcy59/8bqjh.css]
[a6e8z9v6.stackpathcdn.com/kingster/wp-content/cache/wpfc-minified/2cwwm6ax/8bqjh.css]
[a6e8z9v6.stackpathcdn.com/kingster/wp-content/cache/wpfc-minified/e1phtqpt/8bqjh.css]
[a6e8z9v6.stackpathcdn.com/kingster/wp-content/cache/wpfc-minified/ko14bs0g/8bqjh.css]
[a6e8z9v6.stackpathcdn.com/kingster/wp-content/cache/wpfc-minified/mna03qls/8bqjh.js]
[a6e8z9v6.stackpathcdn.com/kingster/wp-content/cache/wpfc-minified/lwklx7k3/8bqjh.js]
[a6e8z9v6.stackpathcdn.com/kingster/wp-content/cache/wpfc-minified/32o7rjzg/8bqjh.css]
[demo.goodlayers.com/kingster/course-search/index.html]
[a6e8z9v6.stackpathcdn.com/kingster/wp-includes/js/wp-embed.minf658.js]
[demo.goodlayers.com/kingster/course-search/page/2/index1d77.html]
[a6e8z9v6.stackpathcdn.com/kingster/wp-content/cache/autoptimize/css/autoptimize_single_4c3247fd7a9515c2bb4c588f29590de2069c.css]
[a6e8z9v6.stackpathcdn.com/kingster/wp-content/cache/wpfc-minified/qhfkg17u/8bqjh.css]
[a6e8z9v6.stackpathcdn.com/kingster/wp-content/cache/wpfc-minified/q53pcy59/8bqjh.css]
[a6e8z9v6.stackpathcdn.com/kingster/wp-content/cache/wpfc-minified/2cwwm6ax/8bqjh.css]
[a6e8z9v6.stackpathcdn.com/kingster/wp-content/cache/wpfc-minified/e1phtqpt/8bqjh.css]
[a6e8z9v6.stackpathcdn.com/kingster/wp-content/plugins/wp-google-map-plugin/assets/images/white_select_arrow.png]
[a6e8z9v6.stackpathcdn.com/kingster/wp-content/plugins/goodlayers-core/include/images/pattern/pattern-1.png]
[a6e8z9v6.stackpathcdn.com/kingster/wp-content/uploads/2018/08/page-title.jpg]
[a6e8z9v6.stackpathcdn.com/kingster/wp-content/cache/wpfc-minified/ko14bs0g/8bqjh.css]
[a6e8z9v6.stackpathcdn.com/kingster/wp-content/cache/wpfc-minified/evmt9o0/8bqjh.js]
[a6e8z9v6.stackpathcdn.com/kingster/wp-content/cache/wpfc-minified/32o7rjzg/8bqjh.css]
[demo.goodlayers.com/kingster/course-search/page/1/index1d77.html]
